<?xml version="1.0" encoding="UTF-8"?>
<!-- Generated by org.testng.reporters.JUnitReportReporter -->
<testsuite skipped="0" hostname="LAPTOP-4TQ44UI1" name="SeleniumAssigmnet3.Task1" tests="1" failures="0" timestamp="2020-05-19T12:45:20 IST" time="24.597" errors="0">
  <testcase name="test1" time="24.597" classname="SeleniumAssigmnet3.Task1"/>
  <system-out/>
</testsuite> <!-- SeleniumAssigmnet3.Task1 -->
